  cShaderManager.cpp
  cVAOManager.cpp
C:\Users\pkear\Documents\School\$Semester4\INFO-3111 C++ Graphics\$FeeneyCode\INFO3111-S20\OpenGLIsCool\OpenGLIsCool\cVAOManager.cpp(37,8): warning C4101: 'maxExtent': unreferenced local variable
C:\Users\pkear\Documents\School\$Semester4\INFO-3111 C++ Graphics\$FeeneyCode\INFO3111-S20\OpenGLIsCool\OpenGLIsCool\cVAOManager.cpp(33,12): warning C4101: 'maxValues': unreferenced local variable
C:\Users\pkear\Documents\School\$Semester4\INFO-3111 C++ Graphics\$FeeneyCode\INFO3111-S20\OpenGLIsCool\OpenGLIsCool\cVAOManager.cpp(34,12): warning C4101: 'minValues': unreferenced local variable
  theMain.cpp
C:\Users\pkear\Documents\School\$Semester4\INFO-3111 C++ Graphics\$FeeneyCode\INFO3111-S20\OpenGLIsCool\OpenGLIsCool\theMain.cpp(221,12): warning C4101: 'fragment_shader': unreferenced local variable
C:\Users\pkear\Documents\School\$Semester4\INFO-3111 C++ Graphics\$FeeneyCode\INFO3111-S20\OpenGLIsCool\OpenGLIsCool\theMain.cpp(220,12): warning C4101: 'vertex_shader': unreferenced local variable
C:\Users\pkear\Documents\School\$Semester4\INFO-3111 C++ Graphics\$FeeneyCode\INFO3111-S20\OpenGLIsCool\OpenGLIsCool\theMain.cpp(219,12): warning C4101: 'vertex_buffer': unreferenced local variable
  Generating Code...
glfw3.lib(context.obj) : warning LNK4099: PDB 'glfw.pdb' was not found with 'glfw3.lib(context.obj)' or at 'C:\Users\pkear\Documents\School\$Semester4\INFO-3111 C++ Graphics\$FeeneyCode\INFO3111-S20\OpenGLIsCool\x64\Debug\glfw.pdb'; linking object as if no debug info
glfw3.lib(init.obj) : warning LNK4099: PDB 'glfw.pdb' was not found with 'glfw3.lib(init.obj)' or at 'C:\Users\pkear\Documents\School\$Semester4\INFO-3111 C++ Graphics\$FeeneyCode\INFO3111-S20\OpenGLIsCool\x64\Debug\glfw.pdb'; linking object as if no debug info
glfw3.lib(input.obj) : warning LNK4099: PDB 'glfw.pdb' was not found with 'glfw3.lib(input.obj)' or at 'C:\Users\pkear\Documents\School\$Semester4\INFO-3111 C++ Graphics\$FeeneyCode\INFO3111-S20\OpenGLIsCool\x64\Debug\glfw.pdb'; linking object as if no debug info
glfw3.lib(monitor.obj) : warning LNK4099: PDB 'glfw.pdb' was not found with 'glfw3.lib(monitor.obj)' or at 'C:\Users\pkear\Documents\School\$Semester4\INFO-3111 C++ Graphics\$FeeneyCode\INFO3111-S20\OpenGLIsCool\x64\Debug\glfw.pdb'; linking object as if no debug info
glfw3.lib(vulkan.obj) : warning LNK4099: PDB 'glfw.pdb' was not found with 'glfw3.lib(vulkan.obj)' or at 'C:\Users\pkear\Documents\School\$Semester4\INFO-3111 C++ Graphics\$FeeneyCode\INFO3111-S20\OpenGLIsCool\x64\Debug\glfw.pdb'; linking object as if no debug info
glfw3.lib(window.obj) : warning LNK4099: PDB 'glfw.pdb' was not found with 'glfw3.lib(window.obj)' or at 'C:\Users\pkear\Documents\School\$Semester4\INFO-3111 C++ Graphics\$FeeneyCode\INFO3111-S20\OpenGLIsCool\x64\Debug\glfw.pdb'; linking object as if no debug info
glfw3.lib(win32_init.obj) : warning LNK4099: PDB 'glfw.pdb' was not found with 'glfw3.lib(win32_init.obj)' or at 'C:\Users\pkear\Documents\School\$Semester4\INFO-3111 C++ Graphics\$FeeneyCode\INFO3111-S20\OpenGLIsCool\x64\Debug\glfw.pdb'; linking object as if no debug info
glfw3.lib(win32_joystick.obj) : warning LNK4099: PDB 'glfw.pdb' was not found with 'glfw3.lib(win32_joystick.obj)' or at 'C:\Users\pkear\Documents\School\$Semester4\INFO-3111 C++ Graphics\$FeeneyCode\INFO3111-S20\OpenGLIsCool\x64\Debug\glfw.pdb'; linking object as if no debug info
glfw3.lib(win32_monitor.obj) : warning LNK4099: PDB 'glfw.pdb' was not found with 'glfw3.lib(win32_monitor.obj)' or at 'C:\Users\pkear\Documents\School\$Semester4\INFO-3111 C++ Graphics\$FeeneyCode\INFO3111-S20\OpenGLIsCool\x64\Debug\glfw.pdb'; linking object as if no debug info
glfw3.lib(win32_time.obj) : warning LNK4099: PDB 'glfw.pdb' was not found with 'glfw3.lib(win32_time.obj)' or at 'C:\Users\pkear\Documents\School\$Semester4\INFO-3111 C++ Graphics\$FeeneyCode\INFO3111-S20\OpenGLIsCool\x64\Debug\glfw.pdb'; linking object as if no debug info
glfw3.lib(win32_thread.obj) : warning LNK4099: PDB 'glfw.pdb' was not found with 'glfw3.lib(win32_thread.obj)' or at 'C:\Users\pkear\Documents\School\$Semester4\INFO-3111 C++ Graphics\$FeeneyCode\INFO3111-S20\OpenGLIsCool\x64\Debug\glfw.pdb'; linking object as if no debug info
glfw3.lib(win32_window.obj) : warning LNK4099: PDB 'glfw.pdb' was not found with 'glfw3.lib(win32_window.obj)' or at 'C:\Users\pkear\Documents\School\$Semester4\INFO-3111 C++ Graphics\$FeeneyCode\INFO3111-S20\OpenGLIsCool\x64\Debug\glfw.pdb'; linking object as if no debug info
glfw3.lib(wgl_context.obj) : warning LNK4099: PDB 'glfw.pdb' was not found with 'glfw3.lib(wgl_context.obj)' or at 'C:\Users\pkear\Documents\School\$Semester4\INFO-3111 C++ Graphics\$FeeneyCode\INFO3111-S20\OpenGLIsCool\x64\Debug\glfw.pdb'; linking object as if no debug info
glfw3.lib(egl_context.obj) : warning LNK4099: PDB 'glfw.pdb' was not found with 'glfw3.lib(egl_context.obj)' or at 'C:\Users\pkear\Documents\School\$Semester4\INFO-3111 C++ Graphics\$FeeneyCode\INFO3111-S20\OpenGLIsCool\x64\Debug\glfw.pdb'; linking object as if no debug info
glfw3.lib(osmesa_context.obj) : warning LNK4099: PDB 'glfw.pdb' was not found with 'glfw3.lib(osmesa_context.obj)' or at 'C:\Users\pkear\Documents\School\$Semester4\INFO-3111 C++ Graphics\$FeeneyCode\INFO3111-S20\OpenGLIsCool\x64\Debug\glfw.pdb'; linking object as if no debug info
  OpenGLIsCool.vcxproj -> C:\Users\pkear\Documents\School\$Semester4\INFO-3111 C++ Graphics\$FeeneyCode\INFO3111-S20\OpenGLIsCool\x64\Debug\OpenGLIsCool.exe
